plugin/build/outputs/logs/manifest-merger-debug-report.txt
-- Merging decision tree log ---
manifest
ADDED from src\main\AndroidManifest.xml:2:1-18:12
INJECTED from src\main\AndroidManifest.xml:2:1-18:12
INJECTED from src\main\AndroidManifest.xml:2:1-18:12
INJECTED from src\main\AndroidManifest.xml:2:1-18:12
INJECTED from src\main\AndroidManifest.xml:2:1-18:12
INJECTED from src\main\AndroidManifest.xml:2:1-18:12
INJECTED from src\main\AndroidManifest.xml:2:1-18:12
	package
		ADDED from src\main\AndroidManifest.xml:3:11-47
		INJECTED from src\main\AndroidManifest.xml
		INJECTED from src\main\AndroidManifest.xml
	android:versionName
		INJECTED from src\main\AndroidManifest.xml
		ADDED from src\main\AndroidManifest.xml:2:1-18:12
		INJECTED from src\main\AndroidManifest.xml
	android:versionCode
		INJECTED from src\main\AndroidManifest.xml
		ADDED from src\main\AndroidManifest.xml:2:1-18:12
		INJECTED from src\main\AndroidManifest.xml
	xmlns:android
		ADDED from src\main\AndroidManifest.xml:2:11-69
application
ADDED from src\main\AndroidManifest.xml:5:5-16:19
	android:label
		ADDED from src\main\AndroidManifest.xml:7:9-41
	android:allowBackup
		ADDED from src\main\AndroidManifest.xml:6:9-35
activity#com.fr3ts0n.androbd.plugin.mgr.PluginManager
ADDED from src\main\AndroidManifest.xml:9:9-14:15
	android:label
		ADDED from src\main\AndroidManifest.xml:12:13-45
	android:configChanges
		ADDED from src\main\AndroidManifest.xml:11:13-71
	android:theme
		ADDED from src\main\AndroidManifest.xml:13:13-49
	android:name
		ADDED from src\main\AndroidManifest.xml:10:13-46
uses-sdk
INJECTED from src\main\AndroidManifest.xml reason: use-sdk injection requested
INJECTED from src\main\AndroidManifest.xml
INJECTED from src\main\AndroidManifest.xml
INJECTED from src\main\AndroidManifest.xml
INJECTED from src\main\AndroidManifest.xml
	android:targetSdkVersion
		INJECTED from src\main\AndroidManifest.xml
		ADDED from src\main\AndroidManifest.xml
		INJECTED from src\main\AndroidManifest.xml
	android:minSdkVersion
		INJECTED from src\main\AndroidManifest.xml
		ADDED from src\main\AndroidManifest.xml
		INJECTED from src\main\AndroidManifest.xml